# 2025-10-07_09:38:40.617145 - Power data for run 10989526
# 2025-10-07_09:38:40.617145 - Tracking started
# timestamp                  reading-time[ns] gpu-0[mW] gpu-1[mW] gpu-2[mW] gpu-3[mW] gpu-0[C] gpu-1[C] gpu-2[C] gpu-3[C]
  2025-10-07_09:38:40.623626 45560 75832 74362 75288 73544 41 41 41 41
  2025-10-07_09:38:40.723913 37227 75871 74376 75248 73500 41 41 41 41
  2025-10-07_09:38:40.824184 27162 75830 74338 75282 73431 41 41 41 41
  2025-10-07_09:38:40.924477 35033 75787 74346 75261 73427 41 41 41 41
  2025-10-07_09:38:41.024538 23897 75787 74364 75260 73494 41 41 41 41
  2025-10-07_09:38:41.124634 28633 75759 74333 75282 73530 41 41 41 42
  2025-10-07_09:38:41.224923 33521 75736 74343 75262 73515 41 41 41 41
  2025-10-07_09:38:41.324985 28263 75699 74380 75298 73515 41 41 41 42
  2025-10-07_09:38:41.425060 39150 75657 74346 75259 73421 41 41 41 41
  2025-10-07_09:38:41.525356 44478 75580 74341 75317 73403 41 41 41 42
  2025-10-07_09:38:41.625625 20441 75572 74340 75301 73464 41 41 41 41
  2025-10-07_09:38:41.725694 32169 75533 74340 75308 73509 41 41 41 42
  2025-10-07_09:38:41.825833 44477 75546 74302 75316 73541 41 41 41 42
  2025-10-07_09:38:41.925948 33571 75573 74345 75294 73503 41 41 41 41
  2025-10-07_09:38:42.026019 42294 75595 74360 75314 73429 41 41 41 42
  2025-10-07_09:38:42.126092 46351 75602 74311 75290 73470 41 41 41 42
  2025-10-07_09:38:42.226177 42505 75635 74333 75320 73540 41 41 41 41
  2025-10-07_09:38:42.326257 42424 75693 74366 75273 73597 41 41 41 42
  2025-10-07_09:38:42.426421 44418 75752 74349 75295 73574 41 41 41 42
  2025-10-07_09:38:42.526596 29845 75801 74322 75287 73514 41 41 41 42
  2025-10-07_09:38:42.626695 18979 75866 74357 75274 73457 41 41 41 42
  2025-10-07_09:38:42.727334 40161 75867 74372 75288 73502 41 41 41 42
  2025-10-07_09:38:42.827411 43005 75848 74338 75256 73556 41 41 41 41
  2025-10-07_09:38:42.927473 30656 75834 74353 75308 73579 41 41 41 42
  2025-10-07_09:38:43.027535 25008 75818 74366 75308 73522 41 41 41 42
  2025-10-07_09:38:43.127601 22855 75803 74336 75274 73434 41 41 41 42
  2025-10-07_09:38:43.227664 22233 75789 74324 75309 73406 41 41 41 42
  2025-10-07_09:38:43.327732 24167 75736 74358 75288 73490 41 41 41 42
  2025-10-07_09:38:43.427799 23977 75656 74355 75289 73557 41 41 41 42
  2025-10-07_09:38:43.527864 24307 75579 74326 75302 73537 41 41 41 42
  2025-10-07_09:38:43.627919 18237 75523 74348 75275 73483 41 41 41 41
  2025-10-07_09:38:43.729408 43016 75502 74348 75301 73401 41 41 41 42
  2025-10-07_09:38:43.829569 44859 75528 74338 75267 73435 41 41 41 42
  2025-10-07_09:38:43.933044 26140 75562 74351 75299 73491 41 41 41 42
  2025-10-07_09:38:44.033295 25289 75635 74351 75266 73549 41 41 41 42
  2025-10-07_09:38:44.133363 24427 75675 74377 75281 73546 41 41 41 42
  2025-10-07_09:38:44.233451 23446 75692 74365 75268 73468 41 41 41 42
  2025-10-07_09:38:44.336797 22374 75740 74360 75284 73425 41 41 41 42
  2025-10-07_09:38:44.464827 40292 75740 74369 75267 73489 41 41 41 42
  2025-10-07_09:38:44.565774 41633 75811 74348 75267 73555 41 41 41 42
  2025-10-07_09:38:44.667128 29424 75892 74348 75301 73594 41 41 41 42
  2025-10-07_09:38:44.767310 43326 75940 74427 75263 73553 41 41 41 42
  2025-10-07_09:38:44.867501 28274 75929 74410 75311 73476 41 41 41 42
  2025-10-07_09:38:44.968704 24697 75909 74380 75285 73475 41 41 41 42
  2025-10-07_09:38:45.071907 26670 75881 74396 75292 73545 41 41 41 42
  2025-10-07_09:38:45.190359 38318 75839 74404 75285 73584 41 41 41 42
  2025-10-07_09:38:45.290676 54673 75812 74365 75279 73574 41 41 41 42
  2025-10-07_09:38:45.392349 27762 75779 74393 75440 73496 41 41 41 42
  2025-10-07_09:38:45.492578 26711 75732 74417 75696 73433 41 41 41 42
  2025-10-07_09:38:45.592719 27802 75669 74391 75865 73463 41 41 41 42
  2025-10-07_09:38:45.693001 19630 75591 74354 76134 73532 41 41 41 42
  2025-10-07_09:38:45.794758 30306 75574 74365 76336 73563 41 41 41 42
  2025-10-07_09:38:45.895785 36055 75542 74352 76621 73517 41 41 41 42
  2025-10-07_09:38:45.999201 38288 75542 74321 76762 73448 41 41 41 42
  2025-10-07_09:38:46.100413 41804 75541 74340 77027 73448 41 41 41 42
  2025-10-07_09:38:46.200597 42274 75554 74332 77241 73464 41 41 41 42
  2025-10-07_09:38:46.300696 28334 75571 74310 77468 73682 41 41 41 42
  2025-10-07_09:38:46.408529 27151 75643 74299 77539 73894 41 41 41 42
  2025-10-07_09:38:46.508630 28243 75706 74307 77533 74151 41 41 41 42
  2025-10-07_09:38:46.608913 26550 75775 74286 77543 74275 41 41 41 42
  2025-10-07_09:38:46.710350 24086 75825 74289 77507 74491 41 41 41 42
  2025-10-07_09:38:46.810460 30666 75823 74286 77554 74827 41 41 41 42
  2025-10-07_09:38:46.910672 25629 75795 74282 77496 75051 41 41 41 42
  2025-10-07_09:38:47.016951 25489 75736 74263 77540 75352 41 41 41 42
  2025-10-07_09:38:47.120289 26230 75689 74274 77510 75525 41 41 41 42
  2025-10-07_09:38:47.224379 43576 75653 74265 77279 75651 41 41 41 42
  2025-10-07_09:38:47.331188 41584 78136 74242 77037 75850 42 41 41 42
  2025-10-07_09:38:47.432164 41283 82902 74257 76772 75918 42 41 41 42
  2025-10-07_09:38:47.535069 44658 87679 74256 76617 75942 42 41 41 42
  2025-10-07_09:38:47.636663 42775 93804 74241 76309 75925 42 41 41 42
  2025-10-07_09:38:47.736795 27963 98349 74229 76077 75848 43 41 41 42
  2025-10-07_09:38:47.837370 25169 102784 74261 75842 75767 43 41 41 42
  2025-10-07_09:38:47.938606 29435 107816 74258 75655 75827 43 41 41 42
  2025-10-07_09:38:48.039717 24147 112124 74217 75430 75875 43 41 41 42
  2025-10-07_09:38:48.145356 41383 117055 74238 75212 75718 43 41 41 42
  2025-10-07_09:38:48.245650 29165 122989 74259 75228 75378 43 41 41 42
  2025-10-07_09:38:48.345772 25539 125447 74236 75188 75086 43 41 41 42
  2025-10-07_09:38:48.447209 24517 125569 74249 75208 74872 43 41 41 42
  2025-10-07_09:38:48.551250 25879 125695 74285 75195 74685 43 41 41 42
  2025-10-07_09:38:48.651413 24807 125781 74271 75201 74475 43 41 41 42
  2025-10-07_09:38:48.752062 43306 125797 74224 75208 74235 43 41 41 42
  2025-10-07_09:38:48.852232 41353 125799 74252 75198 73976 43 41 41 42
  2025-10-07_09:38:48.954129 37347 125784 74251 75205 73561 43 41 41 42
  2025-10-07_09:38:49.055711 28524 125754 74222 75175 73419 43 41 41 42
  2025-10-07_09:38:49.155815 24808 125751 74229 75208 73461 43 41 41 42
  2025-10-07_09:38:49.256821 28213 125710 74261 75162 73518 43 41 41 42
  2025-10-07_09:38:49.358163 25419 125674 74228 75195 73507 43 41 41 42
  2025-10-07_09:38:49.458686 42444 125622 74214 75174 73434 43 41 41 42
  2025-10-07_09:38:49.561932 44888 125569 76492 77523 73384 43 41 41 42
  2025-10-07_09:38:49.662904 23727 125551 81183 82246 73454 43 42 42 42
  2025-10-07_09:38:49.763263 45429 125569 85868 85817 77410 43 42 42 42
  2025-10-07_09:38:49.864665 44658 125582 90591 91755 81900 43 42 42 43
  2025-10-07_09:38:49.965210 49155 125624 95326 96067 86366 43 42 42 43
  2025-10-07_09:38:50.068812 51729 125619 100041 99864 90828 43 42 42 43
  2025-10-07_09:38:50.168881 46141 125639 104799 105111 95757 43 43 42 43
  2025-10-07_09:38:50.268952 45179 125745 110478 110881 100442 43 43 42 43
  2025-10-07_09:38:50.372373 46320 127668 114264 113906 105415 50 43 42 43
  2025-10-07_09:38:50.472444 46011 168017 120680 121455 109966 56 43 42 43
  2025-10-07_09:38:50.572513 45299 239747 174124 121455 114515 56 51 46 50
  2025-10-07_09:38:50.672559 21332 286136 234655 168992 178180 59 56 55 56
  2025-10-07_09:38:50.772626 29625 335264 234655 232312 230690 60 59 57 56
  2025-10-07_09:38:50.872684 22795 406302 289750 285789 283134 61 60 59 58
  2025-10-07_09:38:50.972745 21543 454181 343799 335292 343695 62 61 59 60
  2025-10-07_09:38:51.072805 22073 454181 458519 386969 343695 62 62 60 61
  2025-10-07_09:38:51.172864 22975 526463 458519 457612 395727 63 62 60 61
  2025-10-07_09:38:51.272928 25409 591653 512348 503888 474069 63 63 61 62
  2025-10-07_09:38:51.372987 22695 646155 568400 565387 528256 63 63 62 62
  2025-10-07_09:38:51.473047 23055 669034 634201 619282 571460 63 64 62 62
  2025-10-07_09:38:51.573106 23316 669034 669442 659708 622235 64 64 62 63
  2025-10-07_09:38:51.673162 17817 669630 670877 662432 647652 64 64 62 63
  2025-10-07_09:38:51.773228 25068 669944 672804 663481 648369 64 64 63 63
  2025-10-07_09:38:51.873286 23466 668738 673940 663211 647326 64 64 63 63
  2025-10-07_09:38:51.973329 23876 668285 673929 664765 646855 64 64 63 63
  2025-10-07_09:38:52.073387 22495 668280 674701 666977 646449 64 65 63 64
  2025-10-07_09:38:52.173447 21984 667410 675162 666760 646535 64 65 64 64
  2025-10-07_09:38:52.273498 34783 667349 675309 667665 646264 65 65 64 63
  2025-10-07_09:38:52.373541 22334 668248 676011 669428 646156 65 65 64 64
  2025-10-07_09:38:52.473599 23145 668785 676664 671375 646788 65 65 64 64
  2025-10-07_09:38:52.573654 23776 668116 676416 669488 646593 65 65 64 64
  2025-10-07_09:38:52.673710 18559 668706 676135 668572 647042 65 65 64 64
  2025-10-07_09:38:52.773791 43116 669139 676580 669979 647627 65 65 64 64
  2025-10-07_09:38:52.873849 26150 669594 677413 669979 647627 65 66 64 64
  2025-10-07_09:38:52.973872 24237 669130 676750 671978 647951 65 66 65 64
  2025-10-07_09:38:53.073933 23356 669701 677499 670886 647667 65 66 65 64
  2025-10-07_09:38:53.173992 22614 670131 678398 670593 648088 65 66 65 65
  2025-10-07_09:38:53.274059 29185 669265 678032 671596 648650 65 66 65 64
  2025-10-07_09:38:53.374115 23135 669824 677804 670557 648067 65 66 65 65
  2025-10-07_09:38:53.474175 23486 670623 678495 669933 648523 66 66 65 65
  2025-10-07_09:38:53.574235 22915 670374 678495 671559 648523 66 66 65 65
  2025-10-07_09:38:53.674291 18519 670701 679051 673066 648627 66 66 65 65
  2025-10-07_09:38:53.774334 27692 671270 678219 673007 648329 66 66 65 65
  2025-10-07_09:38:53.874391 23867 671851 678615 670616 648711 66 66 65 65
  2025-10-07_09:38:53.974452 23335 671121 679396 670837 649178 66 66 65 65
  2025-10-07_09:38:54.074512 22394 671523 678780 672838 648610 66 66 65 65
  2025-10-07_09:38:54.174572 23095 672075 678792 673162 649190 66 66 65 65
  2025-10-07_09:38:54.274652 43166 671483 679370 671590 649475 66 66 65 65
  2025-10-07_09:38:54.374707 28033 671149 680125 672696 649221 66 66 65 65
  2025-10-07_09:38:54.474766 25509 671581 678922 672728 649240 66 67 65 65
  2025-10-07_09:38:54.574831 34242 671790 679328 671946 649866 66 66 65 65
  2025-10-07_09:38:54.674885 21653 670918 680279 672015 650557 66 67 65 65
