# 2025-10-07_09:38:40.617145 - Power data for run 10989526
# 2025-10-07_09:38:40.617145 - Tracking started
# timestamp                  reading-time[ns] cpu-0[uJ] cpu-0-core[uJ] cpu-1[uJ] cpu-1-core[uJ] cpu-0[W] cpu-0-core[W] cpu-1[W] cpu-1-core[W]
  2025-10-07_09:38:40.623688 65530 23803563318 268204101 18146807011 202901906 82.89715211579444 0.01962022893457371 83.17583314191646 0.2205680614575756
  2025-10-07_09:38:40.723992 81655 23811878287 268206069 18155149933 202924030 57.393531946122074 0.01614016864620814 56.77040971209609 0.015980562528569494
  2025-10-07_09:38:40.824239 61083 23817631804 268207687 18160840984 202925632 86.05936688949681 0.09080453958499742 84.06942263744311 0.0950611581383835
  2025-10-07_09:38:40.924553 80523 23826264795 268216796 18169274355 202935168 57.80499278667758 0.016473884893927374 54.42980565614043 0.016014055582567747
  2025-10-07_09:38:41.024590 59771 23832047440 268218444 18174719356 202936770 65.65455818643083 0.016303555581698072 63.28082243126292 0.01555431129945092
  2025-10-07_09:38:41.124691 61895 23838619518 268220076 18181053821 202938327 66.16454714204765 0.015972608631286626 63.6897200530139 0.01886402966940967
  2025-10-07_09:38:41.224988 69485 23845255604 268221678 18187441690 202940219 71.884654315539 0.01632039055404178 72.94689886594772 0.3557605282009952
  2025-10-07_09:38:41.325047 68484 23852448302 268223311 18194740675 202975816 95.3715804589249 0.024547753843556813 95.65664212464095 0.8593112577657622
  2025-10-07_09:38:41.425138 76958 23861994103 268225768 18204315008 203061825 96.74105741426526 0.15773785217153838 95.01912075473624 0.4586281388855568
  2025-10-07_09:38:41.525443 87043 23871697779 268241590 18213845964 203107828 75.29465429315373 0.016291754779819277 72.928049944195 0.024811753911457773
  2025-10-07_09:38:41.625678 71218 23879244920 268243223 18221155889 203110315 74.66880251361997 0.017684381154564287 73.76616971890425 0.4663281389876461
  2025-10-07_09:38:41.725766 78420 23886718395 268244993 18228539021 203156989 112.17825424465308 0.01989083812465594 111.17450361706626 1.8206587877444083
  2025-10-07_09:38:41.826215 674117 23897986505 268246991 18239706306 203339871 112.55573071335311 0.01847023641902616 108.7567520864267 1.4954591418770158
  2025-10-07_09:38:41.926213 473272 23909241934 268248838 18250581842 203489415 112.69158561121576 0.017720868094267806 110.01431285481782 1.5256165660682017
  2025-10-07_09:38:42.026096 74744 23920497822 268250608 18261570318 203641797 114.59977361965542 0.03750023980968703 115.39271434189826 1.5242803311292157
  2025-10-07_09:38:42.126175 77368 23931966894 268254361 18273118747 203794346 130.50313051527007 0.3908847772150603 142.08590712604868 1.6055930434059749
  2025-10-07_09:38:42.226261 77829 23945028399 268293483 18287339523 203955043 127.20212548089464 0.12440032051118077 140.9012386554901 1.6108692426932145
  2025-10-07_09:38:42.326341 83187 23957758804 268305933 18301440937 204116259 124.76272602451704 0.0902246387430552 136.0909406219736 1.7652092678016207
  2025-10-07_09:38:42.426790 651533 23970291130 268314996 18315111174 204293573 112.55172411865566 0.019953783085548404 109.87086997615846 1.5056671538890052
  2025-10-07_09:38:42.526972 694418 23981566731 268316995 18326118203 204444413 112.53471813731757 0.025764869976419795 109.82875742315973 1.5104467706377904
  2025-10-07_09:38:42.627069 724584 23992831179 268319574 18337111791 204595605 111.7098670195208 0.03086627428675895 110.12024397528411 1.3350853845255384
  2025-10-07_09:38:42.727891 1032795 24004093993 268322686 18348214336 204730211 113.10904196876275 0.016856368241550086 109.40031969071183 4.694292744938792
  2025-10-07_09:38:42.827497 86222 24015360363 268324365 18359111294 205197792 112.60745976151846 0.016774031128763137 109.96982833628479 4.842696774779662
  2025-10-07_09:38:42.927533 68965 24026625116 268326043 18370112190 205682234 112.60063423131731 0.016320307043240875 110.01396050857473 4.85342745236749
  2025-10-07_09:38:43.027592 69035 24037891867 268327676 18381120120 206167865 112.539816415564 0.015859809121051175 109.9433448043625 4.859457506984312
  2025-10-07_09:38:43.127657 67392 24049153080 268329263 18392121519 206654123 112.57874061388695 0.016009958553994934 109.99673005091205 4.85143717860158
  2025-10-07_09:38:43.227719 69576 24060418015 268330865 18403128091 207139571 112.56512964853171 0.015858713670654865 109.99475892996472 4.844322392639606
  2025-10-07_09:38:43.327790 71509 24071682539 268332452 18414135395 207624348 112.54894554714441 0.01584949115338566 109.982727052655 4.796839503535575
  2025-10-07_09:38:43.427857 71960 24082944896 268334038 18425140960 208104350 112.5818440388566 0.01585993084710379 108.9102050889931 4.763575701058911
  2025-10-07_09:38:43.527920 69986 24094210228 268335625 18436038895 208581010 112.59345749927712 0.01586244693726635 109.96422943251339 4.715064874709258
  2025-10-07_09:38:43.627968 72040 24105474935 268337212 18447040554 209052741 112.89383507132247 0.019384536246246017 112.7358826204867 2.0437880914017126
  2025-10-07_09:38:43.729492 84049 24116936394 268339180 18458485977 209260235 111.64644904531335 0.019062566614897372 110.0693413499604 1.502532714258887
  2025-10-07_09:38:43.830371 1514378 24128199102 268341103 18469589589 209411808 112.55718461049253 0.028132328573486954 109.87971280065783 1.5031630092116441
  2025-10-07_09:38:43.933419 700067 24139797974 268344002 18480912551 209566707 112.39459181302081 0.01811603455805175 109.71294983630126 1.5113022507935938
  2025-10-07_09:38:44.033662 682680 24151064710 268345818 18491910472 209718204 112.5495845817097 0.020888449522951786 109.87160539707962 1.5127535078203156
  2025-10-07_09:38:44.133717 665935 24162325892 268347908 18502903708 209869563 112.5393795224405 0.020272251238595582 109.86806830883424 1.5009858568625993
  2025-10-07_09:38:44.233805 661458 24173589683 268349937 18513900134 210019793 112.1920601100707 0.018293037600275237 109.47967252910178 1.5177323347268528
  2025-10-07_09:38:44.337232 828743 24185193408 268351829 18525223324 210176768 112.9618042258477 0.024138374382458614 109.38214282849992 1.4842045746182468
  2025-10-07_09:38:44.464913 89617 24199616429 268354911 18539189292 210366272 112.45597533416674 0.015994231479747545 109.85811871143986 1.7167306541367842
  2025-10-07_09:38:44.566074 513021 24210992641 268356529 18550302701 210539939 111.47121007569751 0.022123123865038674 111.00673224882865 1.553968194746822
  2025-10-07_09:38:44.668139 1966518 24222369967 268358787 18561632620 210698545 113.16714237128168 0.021306653799764947 109.3222306212116 1.647403147847644
  2025-10-07_09:38:44.767686 666616 24233635345 268360908 18572515251 210862538 112.46439835515808 0.020251117853720853 109.72657497604598 1.4890709837112743
  2025-10-07_09:38:44.867878 701189 24244903378 268362937 18583508976 211011731 112.4358205639806 0.02095836548069261 109.7040196583737 1.4868977113188215
  2025-10-07_09:38:44.969078 700648 24256281955 268365058 18594611093 211162206 111.54601710482589 0.026259938583859492 109.91749706150227 1.489431793006683
  2025-10-07_09:38:45.073077 2289390 24267882598 268367789 18606042372 211317105 114.24229047744726 0.03080973434920025 108.67265563823591 1.4871149873816414
  2025-10-07_09:38:45.190443 87253 24281290702 268371405 18618796793 211491641 112.00181845191892 0.01577606050118208 110.49353958890546 1.8537914873610195
  2025-10-07_09:38:45.291038 625183 24292557576 268372992 18629911941 211678124 111.37158087092536 0.020621465563053352 110.86853852912274 1.5176360726890796
  2025-10-07_09:38:45.393165 1580539 24303931576 268375098 18641234567 211833115 112.92959818873956 0.02002737355049127 109.18223402364889 1.4951567034726623
  2025-10-07_09:38:45.492928 650632 24315197823 268377096 18652126964 211982277 112.41796259100536 0.017977875693480833 109.759273349637 1.5035832771137907
  2025-10-07_09:38:45.593107 721169 24326459707 268378897 18663122504 212132904 112.34793670669566 0.02266669283358351 109.61187840808135 1.4984249590264374
  2025-10-07_09:38:45.693386 732607 24337725879 268381170 18674114306 212283165 112.44026083005129 0.022998435401759765 109.7325816309402 1.5023458795572524
  2025-10-07_09:38:45.795567 1560218 24349215122 268383520 18685326876 212436676 112.38892067727167 0.023511987557219085 110.81721346197617 1.5181828671505524
  2025-10-07_09:38:45.896792 1948009 24360591686 268385900 18696544344 212590354 113.19141279656422 0.021288529311124262 108.38609805570748 1.4923629791421584
  2025-10-07_09:38:45.999288 97048 24372193411 268388082 18707653541 212743316 112.08732061752586 0.018037151290935957 110.66422779950771 1.6066264967190704
  2025-10-07_09:38:46.100801 691364 24383571698 268389913 18718887366 212906409 112.5380331755069 0.021790880410689585 109.90008831398426 1.6797952560034972
  2025-10-07_09:38:46.200935 588877 24394840540 268392095 18729892061 213074613 112.51965798226729 0.01859538863123878 109.87604685446716 1.5190594943780007
  2025-10-07_09:38:46.301067 689000 24406107398 268393957 18740894208 213226720 111.02675395066429 0.018793476000429937 111.36866012720635 1.55296726258628
  2025-10-07_09:38:46.410626 4140231 24418271411 268396016 18753095680 213396862 114.57067664660138 0.01551333650838265 107.32596882921356 1.4816354626983754
  2025-10-07_09:38:46.508993 676241 24429541382 268397542 18763653011 213542606 112.46775813294259 0.02588850465761544 109.76376669638886 1.5121122273263803
  2025-10-07_09:38:46.609192 510127 24440810529 268400136 18774651221 213694118 112.16190932843065 0.02675628406204999 110.5162993450503 1.5298762480486432
  2025-10-07_09:38:46.710701 660546 24452195957 268402852 18785869605 213849414 112.50153382858953 0.02026131645951459 109.79737205632728 1.523643009064927
  2025-10-07_09:38:46.810843 709651 24463462037 268404881 18796864886 214001994 112.31179830732687 0.0182479162095552 109.64293840922657 1.5312702511008944
  2025-10-07_09:38:46.911183 974825 24474731428 268406712 18807866483 214155642 112.78903197909989 0.01817080213839064 109.08356792534983 1.5210558303801447
  2025-10-07_09:38:47.017012 69956 24486667792 268408635 18819410701 214316614 112.38739125949866 0.016683700222515852 110.76708641155118 1.5507782375319896
  2025-10-07_09:38:47.121245 1845493 24498382320 268410374 18830956339 214478257 113.34216934229154 0.032375102002693855 111.42470304004895 2.0301262805639397
  2025-10-07_09:38:47.225399 1955341 24510187373 268413746 18842561680 214689703 112.07079677880056 0.02675019202381095 110.30999093887641 1.6304678030075728
  2025-10-07_09:38:47.332053 1647721 24522140109 268416599 18854326620 214863598 113.55535284468087 0.027567986927703757 108.68609976185729 1.5584097172183295
  2025-10-07_09:38:47.432242 76426 24533517069 268419361 18865215736 215019733 115.34402541547327 0.12352395610477669 112.44215770921338 1.578229163047201
  2025-10-07_09:38:47.535388 553294 24545414342 268432102 18876813693 215182521 111.81415302603702 0.02188846135458969 110.17907415130561 1.519749191060654
  2025-10-07_09:38:47.637131 858368 24556790661 268434329 18888023654 215337145 112.63021333269342 0.01845763742240993 109.9869516701862 1.5306440775580725
  2025-10-07_09:38:47.737144 646906 24568055124 268436175 18899023757 215490229 113.03056236099306 0.01911544192118402 109.30203726276572 1.5195931391010926
  2025-10-07_09:38:47.837743 699006 24579425919 268438098 18910019465 215643099 112.37222134066005 0.32509689983739914 109.72030741477366 1.5169838657266332
  2025-10-07_09:38:47.938977 690112 24590801857 268471009 18921126938 215796670 112.4935975111902 0.4246173301467386 109.81023869712496 1.5279637451011168
  2025-10-07_09:38:48.040094 711945 24602176864 268513945 18932230612 215951173 112.11191585682617 0.02457487922119498 109.35245250094584 1.5112698084516059
  2025-10-07_09:38:48.145649 502206 24614010831 268516539 18943773304 216110695 112.2830843061886 0.017027491397978364 110.62300851083637 1.5261474516590614
  2025-10-07_09:38:48.246016 675529 24625280359 268518248 18954876215 216263870 112.70013520372892 0.024263540535834988 108.86996630548327 1.5148910529024393
  2025-10-07_09:38:48.346002 410286 24636548728 268520674 18965761623 216415337 111.93938504106461 0.01906605978486716 110.35648888257856 1.5291511199903287
  2025-10-07_09:38:48.447648 832789 24647926985 268522612 18976978984 216570770 112.645782710999 0.021703524852362203 109.9695785402313 1.5224474809301178
  2025-10-07_09:38:48.551687 825097 24659646472 268524870 18988420043 216729163 112.5314126584221 0.019662885424526492 109.94927015525685 1.524782829025616
  2025-10-07_09:38:48.651774 673907 24670909408 268526838 18999424540 216881774 113.1449114544348 0.03035270559960079 109.4413045505349 1.525780386757914
  2025-10-07_09:38:48.752325 440261 24682286261 268529890 19010428991 217035193 112.69868929391613 0.02319201863330184 110.24452568351548 1.5489748227685736
  2025-10-07_09:38:48.852316 87894 24693555149 268532209 19021452484 217190077 111.73135654690925 0.017951007092339825 110.16320091000519 1.519038336349673
  2025-10-07_09:38:48.955152 1968861 24705045094 268534055 19032781167 217346288 112.8215412527387 0.01710705617572463 109.05953596698562 1.513007550985176
  2025-10-07_09:38:49.055987 503458 24716421520 268535780 19043778249 217498853 112.45534334374734 0.026184095907872854 109.73590944390088 1.5196554747751359
  2025-10-07_09:38:49.156201 723573 24727691064 268538404 19054775269 217651143 112.69167798241523 0.019038892169734326 110.00818424847799 1.5192501317970526
  2025-10-07_09:38:49.257205 714930 24739073349 268540327 19065886511 217804593 112.2803974043198 0.022726016799292658 109.60875331564986 1.537425397877984
  2025-10-07_09:38:49.358542 711555 24750451575 268542630 19076993999 217960392 112.2790466230295 0.02143921019543633 110.67567862671736 1.5486541754973895
  2025-10-07_09:38:49.458919 380259 24761721790 268544782 19088103273 218115841 113.57030584634217 0.03951458016233838 110.68878704632527 2.0302773632551103
  2025-10-07_09:38:49.562020 88084 24773431023 268548856 19099515418 218325165 113.470162554746 0.06030936724140991 110.70442133439506 1.7655844635461968
  2025-10-07_09:38:49.662966 84649 24784885402 268554944 19110690606 218503394 112.95385646809366 0.03677661240144026 110.47037924775849 1.872937640890684
  2025-10-07_09:38:49.763356 98470 24796224827 268558636 19121780715 218691418 113.48518418813559 0.028295153581635847 110.76796183055777 1.9658770507427865
  2025-10-07_09:38:49.864752 87724 24807731709 268561505 19133012083 218890749 113.21053703187417 0.07632226686322285 111.65723866873915 1.6976184588415915
  2025-10-07_09:38:49.965299 84659 24819114726 268569179 19144238920 219061440 116.53886020245274 0.17143843575405188 118.24993374509188 1.8605621443238847
  2025-10-07_09:38:50.068899 81404 24831188137 268586940 19156489598 219254194 112.02689379985365 0.18159494645607246 112.32406915301846 2.279200451401147
  2025-10-07_09:38:50.168968 82276 24842398541 268605112 19167729740 219482271 120.47040053942936 0.5429910956415844 128.2648221558755 2.3508094638708945
  2025-10-07_09:38:50.269032 71509 24854453322 268659446 19180564464 219717503 118.35542718334854 0.5347875067140923 120.76545177177778 2.898198271786456
  2025-10-07_09:38:50.372456 75935 24866694144 268714756 19193054541 220017247 113.23893033473605 0.4839431095790537 113.02455399969301 3.205692159859812
  2025-10-07_09:38:50.472528 74423 24878026154 268763185 19204365098 220338046 112.88561068411815 0.08781548021037981 113.40949577526399 2.328039542787123
  2025-10-07_09:38:50.572601 86652 24889323009 268771973 19215714380 220571021 111.4969983842068 0.016477890829973762 109.93812791962628 0.6694343124080118
  2025-10-07_09:38:50.672614 76096 24900474136 268773621 19226709600 220637973 112.61621563892541 0.0163175934073805 109.84808030758053 0.6505653621438547
  2025-10-07_09:38:50.772690 71820 24911744320 268775254 19237702760 220703079 112.62068299084478 0.016322019185499057 109.87283657782689 0.6376182301901662
  2025-10-07_09:38:50.872739 63697 24923011895 268776887 19248695416 220766872 112.59924902140123 0.01691960459493687 109.8662381832602 0.6160514979596535
  2025-10-07_09:38:50.972800 67192 24934278738 268778580 19259688790 220828515 112.5779045456057 0.01631922148059649 109.8495865450787 0.6129651487785347
  2025-10-07_09:38:51.072867 79812 24945543964 268780213 19270681004 220889852 112.62132687333376 0.01647034442528412 109.86475288726736 0.6133204470211382
  2025-10-07_09:38:51.172925 72571 24956812699 268781861 19281673920 220951220 112.58591213649235 0.016469291008214815 109.85284928328203 0.6291309139145361
  2025-10-07_09:38:51.272990 73742 24968078611 268783509 19292666348 221014174 112.5870327603455 0.016310772017623307 109.9013122335907 0.6359002330841302
  2025-10-07_09:38:51.373047 72670 24979343684 268785141 19303662697 221077800 112.56246138263903 0.01647034442528412 108.76804582081799 0.6151493748304994
  2025-10-07_09:38:51.473105 72360 24990606529 268786789 19314545878 221139351 112.61373935964711 0.01768994644963374 109.88729885031738 0.6127117836391222
  2025-10-07_09:38:51.573162 67813 25001874303 268788559 19325540853 221200657 111.47361237270354 0.01616193196356379 109.89399091973286 0.6463173583746993
  2025-10-07_09:38:51.673212 72060 25013027229 268790176 19336535738 221265321 112.5959133563895 0.016317301223495825 109.83498202358994 0.6351556964308096
  2025-10-07_09:38:51.773290 76497 25024295583 268791809 19347527784 221328886 112.61588050636279 0.01630993742100873 109.82417287830098 0.6360176025799122
  2025-10-07_09:38:51.873352 78931 25035564119 268793441 19358516977 221392527 112.6636850114264 0.02471139648020145 109.87747505828371 0.6341991972075002
  2025-10-07_09:38:51.973387 69606 25046834410 268795913 19369508550 221455969 112.60252268447566 0.01632055757820755 109.84867595004233 0.6076884157901604
  2025-10-07_09:38:52.073444 68003 25058101177 268797546 19380499773 221516773 112.56363171915774 0.016620001407153456 109.84903482065188 0.6101029620580258
  2025-10-07_09:38:52.173505 70597 25069364312 268799209 19391491285 221577820 112.62181996054811 0.016320348798534497 109.84818018016865 0.6236811798974558
  2025-10-07_09:38:52.273564 72240 25080633154 268800842 19402482599 221640225 112.61576998989148 0.016314361756576926 109.88126503480396 0.6355803434333094
  2025-10-07_09:38:52.373598 70878 25091898623 268802474 19413474523 221703805 112.61893861962922 0.016929555141659797 109.8999561230703 0.6381562830995788
  2025-10-07_09:38:52.473660 72680 25103167465 268804168 19424471299 221767660 112.63980334699663 0.016621362210486452 108.77055411843571 0.6243355453038164
  2025-10-07_09:38:52.573712 69986 25114437299 268805831 19435354007 221830126 111.4769460894941 0.016471819435595503 109.8347916490754 0.643870228289822
  2025-10-07_09:38:52.673762 73101 25125590530 268807479 19446342941 221894545 112.55868164761685 0.021025509486550062 109.81177124884934 0.8080387964099416
  2025-10-07_09:38:52.773878 85871 25136859509 268809584 19457336909 221975443 112.63715456834798 0.01632506852330048 109.89306350337688 0.6484241240406097
  2025-10-07_09:38:52.873908 71029 25148126627 268811217 19468329535 222040305 112.65483432617124 0.022724764214325018 109.90032896420664 0.6362634049115083
  2025-10-07_09:38:52.973931 72059 25159394706 268813490 19479322100 222103946 112.61281528555273 0.016780076933704483 109.8272925322881 0.6229216290654358
  2025-10-07_09:38:53.073990 70357 25170662647 268815169 19490311324 222166275 112.59455959709152 0.016620086450833804 109.83663464416743 0.6125546234182234
  2025-10-07_09:38:53.174050 70938 25181928819 268816832 19501301539 222227567 112.60045670678672 0.016318094318385302 109.84200927003657 0.6209969206466961
  2025-10-07_09:38:53.274123 73292 25193197080 268818465 19512293754 222289712 112.6249180472048 0.016310605091467312 109.84696814634769 0.6307067129333502
  2025-10-07_09:38:53.374181 81264 25204466059 268820097 19523284778 222352819 112.58846534691463 0.016781150292581704 109.85748555641696 0.6383633527023188
  2025-10-07_09:38:53.474233 67002 25215730843 268821776 19534276320 222416689 112.67021759709357 0.017229634651793477 108.75051568976103 0.6082840563117228
  2025-10-07_09:38:53.574294 69256 25227004643 268823500 19545157914 222477554 111.52610660608603 0.016311481491905665 109.87848705891834 0.6336390883225144
  2025-10-07_09:38:53.674346 78890 25238163078 268825132 19556151501 222540951 112.62282194498177 0.0161720924936543 109.88199210114222 0.6583580892286908
  2025-10-07_09:38:53.774395 70768 25249430867 268826750 19567145073 222606819 112.60683536883336 0.016310438168727966 109.91294463533697 0.6279618636370613
  2025-10-07_09:38:53.874453 77418 25260698152 268828382 19578142811 222669652 112.59892603160834 0.021807662097091948 109.8912479275725 0.6340712678395071
  2025-10-07_09:38:53.974510 67753 25271964415 268830564 19589138153 222733095 112.64392688739586 0.016320348798534497 109.90291781052356 0.6223019954919458
  2025-10-07_09:38:54.074569 69646 25283235469 268832197 19600134944 222795362 112.588254002671 0.016619831322403696 109.872625532794 0.6160530740871505
  2025-10-07_09:38:54.174630 69355 25294501183 268833860 19611128929 222857005 112.58357763503801 0.018590344800249587 109.86457238490888 1.4135255077511646
  2025-10-07_09:38:54.274736 81193 25305771444 268835721 19622127002 222998507 112.67683567608029 0.01617503103046744 109.91950272876171 0.6490306177942136
  2025-10-07_09:38:54.374767 68504 25317042589 268837339 19633122329 223063430 112.63859004339193 0.018599001294594426 109.85778450055774 0.6322261267576805
  2025-10-07_09:38:54.474826 70227 25328313109 268839200 19644114604 223126690 112.63235519374867 0.01631880399495514 109.82710981649709 0.6333854469125821
  2025-10-07_09:38:54.574894 70307 25339584072 268840833 19655104850 223190072 112.86170943465021 0.01753124840079832 108.80616396294968 0.8648482677447418
  2025-10-07_09:38:54.674944 80282 25350875877 268842587 19665990898 223276600 111.51056455687296 0.016317885601729275 109.98391793932183 0.6711617295319954